The system is: Darwin - 14.4.0 - x86_64
Compiling the C compiler identification source file "CMakeCCompilerId.c" succeeded.
Compiler: /usr/bin/clang 
Build flags: 
Id flags: 

The output was:
0


Compilation of the C compiler identification source "CMakeCCompilerId.c" produced "a.out"

The C compiler identification is AppleClang, found in "/Users/dnalwqer/Desktop/CG/Dart-Graphics-Assign01-master-build/CMakeFiles/3.3.2/CompilerIdC/a.out"

Compiling the CXX compiler identification source file "CMakeCXXCompilerId.cpp" succeeded.
Compiler: /usr/bin/clang++ 
Build flags: 
Id flags: 

The output was:
0


Compilation of the CXX compiler identification source "CMakeCXXCompilerId.cpp" produced "a.out"

The CXX compiler identification is AppleClang, found in "/Users/dnalwqer/Desktop/CG/Dart-Graphics-Assign01-master-build/CMakeFiles/3.3.2/CompilerIdCXX/a.out"

Determining if the C compiler works passed with the following output:
Change Dir: /Users/dnalwqer/Desktop/CG/Dart-Graphics-Assign01-master-build/CMakeFiles/CMakeTmp

Run Build Command:"/usr/bin/make" "cmTC_c5c82/fast"
/Applications/Xcode.app/Contents/Developer/usr/bin/make -f CMakeFiles/cmTC_c5c82.dir/build.make CMakeFiles/cmTC_c5c82.dir/build
Building C object CMakeFiles/cmTC_c5c82.dir/testCCompiler.c.o
/usr/bin/clang    -o CMakeFiles/cmTC_c5c82.dir/testCCompiler.c.o   -c /Users/dnalwqer/Desktop/CG/Dart-Graphics-Assign01-master-build/CMakeFiles/CMakeTmp/testCCompiler.c
Linking C executable cmTC_c5c82
/Applications/CMake.app/Contents/bin/cmake -E cmake_link_script CMakeFiles/cmTC_c5c82.dir/link.txt --verbose=1
/usr/bin/clang    -Wl,-search_paths_first -Wl,-headerpad_max_install_names   CMakeFiles/cmTC_c5c82.dir/testCCompiler.c.o  -o cmTC_c5c82  


Detecting C compiler ABI info compiled with the following output:
Change Dir: /Users/dnalwqer/Desktop/CG/Dart-Graphics-Assign01-master-build/CMakeFiles/CMakeTmp

Run Build Command:"/usr/bin/make" "cmTC_87e3e/fast"
/Applications/Xcode.app/Contents/Developer/usr/bin/make -f CMakeFiles/cmTC_87e3e.dir/build.make CMakeFiles/cmTC_87e3e.dir/build
Building C object CMakeFiles/cmTC_87e3e.dir/CMakeCCompilerABI.c.o
/usr/bin/clang    -o CMakeFiles/cmTC_87e3e.dir/CMakeCCompilerABI.c.o   -c /Applications/CMake.app/Contents/share/cmake-3.3/Modules/CMakeCCompilerABI.c
Linking C executable cmTC_87e3e
/Applications/CMake.app/Contents/bin/cmake -E cmake_link_script CMakeFiles/cmTC_87e3e.dir/link.txt --verbose=1
/usr/bin/clang    -Wl,-search_paths_first -Wl,-headerpad_max_install_names  -v -Wl,-v CMakeFiles/cmTC_87e3e.dir/CMakeCCompilerABI.c.o  -o cmTC_87e3e   
Apple LLVM version 7.0.0 (clang-700.0.72)
Target: x86_64-apple-darwin14.4.0
Thread model: posix
 "/Applications/Xcode.app/Contents/Developer/Toolchains/XcodeDefault.xctoolchain/usr/bin/ld" -demangle -dynamic -arch x86_64 -macosx_version_min 10.10.0 -o cmTC_87e3e -search_paths_first -headerpad_max_install_names -v CMakeFiles/cmTC_87e3e.dir/CMakeCCompilerABI.c.o -lSystem /Applications/Xcode.app/Contents/Developer/Toolchains/XcodeDefault.xctoolchain/usr/bin/../lib/clang/7.0.0/lib/darwin/libclang_rt.osx.a
@(#)PROGRAM:ld  PROJECT:ld64-253.3.3
configured to support archs: armv6 armv7 armv7s arm64 i386 x86_64 x86_64h armv6m armv7k armv7m armv7em
Library search paths:
	/usr/lib
	/usr/local/lib
Framework search paths:
	/Library/Frameworks/
	/System/Library/Frameworks/


Parsed C implicit link information from above output:
  link line regex: [^( *|.*[/\])(ld|([^/\]+-)?ld|collect2)[^/\]*( |$)]
  ignore line: [Change Dir: /Users/dnalwqer/Desktop/CG/Dart-Graphics-Assign01-master-build/CMakeFiles/CMakeTmp]
  ignore line: []
  ignore line: [Run Build Command:"/usr/bin/make" "cmTC_87e3e/fast"]
  ignore line: [/Applications/Xcode.app/Contents/Developer/usr/bin/make -f CMakeFiles/cmTC_87e3e.dir/build.make CMakeFiles/cmTC_87e3e.dir/build]
  ignore line: [Building C object CMakeFiles/cmTC_87e3e.dir/CMakeCCompilerABI.c.o]
  ignore line: [/usr/bin/clang    -o CMakeFiles/cmTC_87e3e.dir/CMakeCCompilerABI.c.o   -c /Applications/CMake.app/Contents/share/cmake-3.3/Modules/CMakeCCompilerABI.c]
  ignore line: [Linking C executable cmTC_87e3e]
  ignore line: [/Applications/CMake.app/Contents/bin/cmake -E cmake_link_script CMakeFiles/cmTC_87e3e.dir/link.txt --verbose=1]
  ignore line: [/usr/bin/clang    -Wl,-search_paths_first -Wl,-headerpad_max_install_names  -v -Wl,-v CMakeFiles/cmTC_87e3e.dir/CMakeCCompilerABI.c.o  -o cmTC_87e3e   ]
  ignore line: [Apple LLVM version 7.0.0 (clang-700.0.72)]
  ignore line: [Target: x86_64-apple-darwin14.4.0]
  ignore line: [Thread model: posix]
  link line: [ "/Applications/Xcode.app/Contents/Developer/Toolchains/XcodeDefault.xctoolchain/usr/bin/ld" -demangle -dynamic -arch x86_64 -macosx_version_min 10.10.0 -o cmTC_87e3e -search_paths_first -headerpad_max_install_names -v CMakeFiles/cmTC_87e3e.dir/CMakeCCompilerABI.c.o -lSystem /Applications/Xcode.app/Contents/Developer/Toolchains/XcodeDefault.xctoolchain/usr/bin/../lib/clang/7.0.0/lib/darwin/libclang_rt.osx.a]
    arg [/Applications/Xcode.app/Contents/Developer/Toolchains/XcodeDefault.xctoolchain/usr/bin/ld] ==> ignore
    arg [-demangle] ==> ignore
    arg [-dynamic] ==> ignore
    arg [-arch] ==> ignore
    arg [x86_64] ==> ignore
    arg [-macosx_version_min] ==> ignore
    arg [10.10.0] ==> ignore
    arg [-o] ==> ignore
    arg [cmTC_87e3e] ==> ignore
    arg [-search_paths_first] ==> ignore
    arg [-headerpad_max_install_names] ==> ignore
    arg [-v] ==> ignore
    arg [CMakeFiles/cmTC_87e3e.dir/CMakeCCompilerABI.c.o] ==> ignore
    arg [-lSystem] ==> lib [System]
    arg [/Applications/Xcode.app/Contents/Developer/Toolchains/XcodeDefault.xctoolchain/usr/bin/../lib/clang/7.0.0/lib/darwin/libclang_rt.osx.a] ==> lib [/Applications/Xcode.app/Contents/Developer/Toolchains/XcodeDefault.xctoolchain/usr/bin/../lib/clang/7.0.0/lib/darwin/libclang_rt.osx.a]
  Library search paths: [;/usr/lib;/usr/local/lib]
  Framework search paths: [;/Library/Frameworks/;/System/Library/Frameworks/]
  remove lib [System]
  collapse lib [/Applications/Xcode.app/Contents/Developer/Toolchains/XcodeDefault.xctoolchain/usr/bin/../lib/clang/7.0.0/lib/darwin/libclang_rt.osx.a] ==> [/Applications/Xcode.app/Contents/Developer/Toolchains/XcodeDefault.xctoolchain/usr/lib/clang/7.0.0/lib/darwin/libclang_rt.osx.a]
  collapse library dir [/usr/lib] ==> [/usr/lib]
  collapse library dir [/usr/local/lib] ==> [/usr/local/lib]
  collapse framework dir [/Library/Frameworks/] ==> [/Library/Frameworks]
  collapse framework dir [/System/Library/Frameworks/] ==> [/System/Library/Frameworks]
  implicit libs: [/Applications/Xcode.app/Contents/Developer/Toolchains/XcodeDefault.xctoolchain/usr/lib/clang/7.0.0/lib/darwin/libclang_rt.osx.a]
  implicit dirs: [/usr/lib;/usr/local/lib]
  implicit fwks: [/Library/Frameworks;/System/Library/Frameworks]




Detecting C [-std=c11] compiler features compiled with the following output:
Change Dir: /Users/dnalwqer/Desktop/CG/Dart-Graphics-Assign01-master-build/CMakeFiles/CMakeTmp

Run Build Command:"/usr/bin/make" "cmTC_e50c7/fast"
/Applications/Xcode.app/Contents/Developer/usr/bin/make -f CMakeFiles/cmTC_e50c7.dir/build.make CMakeFiles/cmTC_e50c7.dir/build
Building C object CMakeFiles/cmTC_e50c7.dir/feature_tests.c.o
/usr/bin/clang   -std=c11 -o CMakeFiles/cmTC_e50c7.dir/feature_tests.c.o   -c /Users/dnalwqer/Desktop/CG/Dart-Graphics-Assign01-master-build/CMakeFiles/feature_tests.c
Linking C executable cmTC_e50c7
/Applications/CMake.app/Contents/bin/cmake -E cmake_link_script CMakeFiles/cmTC_e50c7.dir/link.txt --verbose=1
/usr/bin/clang    -Wl,-search_paths_first -Wl,-headerpad_max_install_names   CMakeFiles/cmTC_e50c7.dir/feature_tests.c.o  -o cmTC_e50c7  


    Feature record: C_FEATURE:1c_function_prototypes
    Feature record: C_FEATURE:1c_restrict
    Feature record: C_FEATURE:1c_static_assert
    Feature record: C_FEATURE:1c_variadic_macros


Detecting C [-std=c99] compiler features compiled with the following output:
Change Dir: /Users/dnalwqer/Desktop/CG/Dart-Graphics-Assign01-master-build/CMakeFiles/CMakeTmp

Run Build Command:"/usr/bin/make" "cmTC_a4a5a/fast"
/Applications/Xcode.app/Contents/Developer/usr/bin/make -f CMakeFiles/cmTC_a4a5a.dir/build.make CMakeFiles/cmTC_a4a5a.dir/build
Building C object CMakeFiles/cmTC_a4a5a.dir/feature_tests.c.o
/usr/bin/clang   -std=c99 -o CMakeFiles/cmTC_a4a5a.dir/feature_tests.c.o   -c /Users/dnalwqer/Desktop/CG/Dart-Graphics-Assign01-master-build/CMakeFiles/feature_tests.c
Linking C executable cmTC_a4a5a
/Applications/CMake.app/Contents/bin/cmake -E cmake_link_script CMakeFiles/cmTC_a4a5a.dir/link.txt --verbose=1
/usr/bin/clang    -Wl,-search_paths_first -Wl,-headerpad_max_install_names   CMakeFiles/cmTC_a4a5a.dir/feature_tests.c.o  -o cmTC_a4a5a  


    Feature record: C_FEATURE:1c_function_prototypes
    Feature record: C_FEATURE:1c_restrict
    Feature record: C_FEATURE:0c_static_assert
    Feature record: C_FEATURE:1c_variadic_macros


Detecting C [-std=c90] compiler features compiled with the following output:
Change Dir: /Users/dnalwqer/Desktop/CG/Dart-Graphics-Assign01-master-build/CMakeFiles/CMakeTmp

Run Build Command:"/usr/bin/make" "cmTC_1eb54/fast"
/Applications/Xcode.app/Contents/Developer/usr/bin/make -f CMakeFiles/cmTC_1eb54.dir/build.make CMakeFiles/cmTC_1eb54.dir/build
Building C object CMakeFiles/cmTC_1eb54.dir/feature_tests.c.o
/usr/bin/clang   -std=c90 -o CMakeFiles/cmTC_1eb54.dir/feature_tests.c.o   -c /Users/dnalwqer/Desktop/CG/Dart-Graphics-Assign01-master-build/CMakeFiles/feature_tests.c
Linking C executable cmTC_1eb54
/Applications/CMake.app/Contents/bin/cmake -E cmake_link_script CMakeFiles/cmTC_1eb54.dir/link.txt --verbose=1
/usr/bin/clang    -Wl,-search_paths_first -Wl,-headerpad_max_install_names   CMakeFiles/cmTC_1eb54.dir/feature_tests.c.o  -o cmTC_1eb54  


    Feature record: C_FEATURE:1c_function_prototypes
    Feature record: C_FEATURE:0c_restrict
    Feature record: C_FEATURE:0c_static_assert
    Feature record: C_FEATURE:0c_variadic_macros
Determining if the CXX compiler works passed with the following output:
Change Dir: /Users/dnalwqer/Desktop/CG/Dart-Graphics-Assign01-master-build/CMakeFiles/CMakeTmp

Run Build Command:"/usr/bin/make" "cmTC_88816/fast"
/Applications/Xcode.app/Contents/Developer/usr/bin/make -f CMakeFiles/cmTC_88816.dir/build.make CMakeFiles/cmTC_88816.dir/build
Building CXX object CMakeFiles/cmTC_88816.dir/testCXXCompiler.cxx.o
/usr/bin/clang++     -o CMakeFiles/cmTC_88816.dir/testCXXCompiler.cxx.o -c /Users/dnalwqer/Desktop/CG/Dart-Graphics-Assign01-master-build/CMakeFiles/CMakeTmp/testCXXCompiler.cxx
Linking CXX executable cmTC_88816
/Applications/CMake.app/Contents/bin/cmake -E cmake_link_script CMakeFiles/cmTC_88816.dir/link.txt --verbose=1
/usr/bin/clang++     -Wl,-search_paths_first -Wl,-headerpad_max_install_names   CMakeFiles/cmTC_88816.dir/testCXXCompiler.cxx.o  -o cmTC_88816  


Detecting CXX compiler ABI info compiled with the following output:
Change Dir: /Users/dnalwqer/Desktop/CG/Dart-Graphics-Assign01-master-build/CMakeFiles/CMakeTmp

Run Build Command:"/usr/bin/make" "cmTC_1da23/fast"
/Applications/Xcode.app/Contents/Developer/usr/bin/make -f CMakeFiles/cmTC_1da23.dir/build.make CMakeFiles/cmTC_1da23.dir/build
Building CXX object CMakeFiles/cmTC_1da23.dir/CMakeCXXCompilerABI.cpp.o
/usr/bin/clang++     -o CMakeFiles/cmTC_1da23.dir/CMakeCXXCompilerABI.cpp.o -c /Applications/CMake.app/Contents/share/cmake-3.3/Modules/CMakeCXXCompilerABI.cpp
Linking CXX executable cmTC_1da23
/Applications/CMake.app/Contents/bin/cmake -E cmake_link_script CMakeFiles/cmTC_1da23.dir/link.txt --verbose=1
/usr/bin/clang++     -Wl,-search_paths_first -Wl,-headerpad_max_install_names  -v -Wl,-v CMakeFiles/cmTC_1da23.dir/CMakeCXXCompilerABI.cpp.o  -o cmTC_1da23   
Apple LLVM version 7.0.0 (clang-700.0.72)
Target: x86_64-apple-darwin14.4.0
Thread model: posix
 "/Applications/Xcode.app/Contents/Developer/Toolchains/XcodeDefault.xctoolchain/usr/bin/ld" -demangle -dynamic -arch x86_64 -macosx_version_min 10.10.0 -o cmTC_1da23 -search_paths_first -headerpad_max_install_names -v CMakeFiles/cmTC_1da23.dir/CMakeCXXCompilerABI.cpp.o -lc++ -lSystem /Applications/Xcode.app/Contents/Developer/Toolchains/XcodeDefault.xctoolchain/usr/bin/../lib/clang/7.0.0/lib/darwin/libclang_rt.osx.a
@(#)PROGRAM:ld  PROJECT:ld64-253.3.3
configured to support archs: armv6 armv7 armv7s arm64 i386 x86_64 x86_64h armv6m armv7k armv7m armv7em
Library search paths:
	/usr/lib
	/usr/local/lib
Framework search paths:
	/Library/Frameworks/
	/System/Library/Frameworks/


Parsed CXX implicit link information from above output:
  link line regex: [^( *|.*[/\])(ld|([^/\]+-)?ld|collect2)[^/\]*( |$)]
  ignore line: [Change Dir: /Users/dnalwqer/Desktop/CG/Dart-Graphics-Assign01-master-build/CMakeFiles/CMakeTmp]
  ignore line: []
  ignore line: [Run Build Command:"/usr/bin/make" "cmTC_1da23/fast"]
  ignore line: [/Applications/Xcode.app/Contents/Developer/usr/bin/make -f CMakeFiles/cmTC_1da23.dir/build.make CMakeFiles/cmTC_1da23.dir/build]
  ignore line: [Building CXX object CMakeFiles/cmTC_1da23.dir/CMakeCXXCompilerABI.cpp.o]
  ignore line: [/usr/bin/clang++     -o CMakeFiles/cmTC_1da23.dir/CMakeCXXCompilerABI.cpp.o -c /Applications/CMake.app/Contents/share/cmake-3.3/Modules/CMakeCXXCompilerABI.cpp]
  ignore line: [Linking CXX executable cmTC_1da23]
  ignore line: [/Applications/CMake.app/Contents/bin/cmake -E cmake_link_script CMakeFiles/cmTC_1da23.dir/link.txt --verbose=1]
  ignore line: [/usr/bin/clang++     -Wl,-search_paths_first -Wl,-headerpad_max_install_names  -v -Wl,-v CMakeFiles/cmTC_1da23.dir/CMakeCXXCompilerABI.cpp.o  -o cmTC_1da23   ]
  ignore line: [Apple LLVM version 7.0.0 (clang-700.0.72)]
  ignore line: [Target: x86_64-apple-darwin14.4.0]
  ignore line: [Thread model: posix]
  link line: [ "/Applications/Xcode.app/Contents/Developer/Toolchains/XcodeDefault.xctoolchain/usr/bin/ld" -demangle -dynamic -arch x86_64 -macosx_version_min 10.10.0 -o cmTC_1da23 -search_paths_first -headerpad_max_install_names -v CMakeFiles/cmTC_1da23.dir/CMakeCXXCompilerABI.cpp.o -lc++ -lSystem /Applications/Xcode.app/Contents/Developer/Toolchains/XcodeDefault.xctoolchain/usr/bin/../lib/clang/7.0.0/lib/darwin/libclang_rt.osx.a]
    arg [/Applications/Xcode.app/Contents/Developer/Toolchains/XcodeDefault.xctoolchain/usr/bin/ld] ==> ignore
    arg [-demangle] ==> ignore
    arg [-dynamic] ==> ignore
    arg [-arch] ==> ignore
    arg [x86_64] ==> ignore
    arg [-macosx_version_min] ==> ignore
    arg [10.10.0] ==> ignore
    arg [-o] ==> ignore
    arg [cmTC_1da23] ==> ignore
    arg [-search_paths_first] ==> ignore
    arg [-headerpad_max_install_names] ==> ignore
    arg [-v] ==> ignore
    arg [CMakeFiles/cmTC_1da23.dir/CMakeCXXCompilerABI.cpp.o] ==> ignore
    arg [-lc++] ==> lib [c++]
    arg [-lSystem] ==> lib [System]
    arg [/Applications/Xcode.app/Contents/Developer/Toolchains/XcodeDefault.xctoolchain/usr/bin/../lib/clang/7.0.0/lib/darwin/libclang_rt.osx.a] ==> lib [/Applications/Xcode.app/Contents/Developer/Toolchains/XcodeDefault.xctoolchain/usr/bin/../lib/clang/7.0.0/lib/darwin/libclang_rt.osx.a]
  Library search paths: [;/usr/lib;/usr/local/lib]
  Framework search paths: [;/Library/Frameworks/;/System/Library/Frameworks/]
  remove lib [System]
  collapse lib [/Applications/Xcode.app/Contents/Developer/Toolchains/XcodeDefault.xctoolchain/usr/bin/../lib/clang/7.0.0/lib/darwin/libclang_rt.osx.a] ==> [/Applications/Xcode.app/Contents/Developer/Toolchains/XcodeDefault.xctoolchain/usr/lib/clang/7.0.0/lib/darwin/libclang_rt.osx.a]
  collapse library dir [/usr/lib] ==> [/usr/lib]
  collapse library dir [/usr/local/lib] ==> [/usr/local/lib]
  collapse framework dir [/Library/Frameworks/] ==> [/Library/Frameworks]
  collapse framework dir [/System/Library/Frameworks/] ==> [/System/Library/Frameworks]
  implicit libs: [c++;/Applications/Xcode.app/Contents/Developer/Toolchains/XcodeDefault.xctoolchain/usr/lib/clang/7.0.0/lib/darwin/libclang_rt.osx.a]
  implicit dirs: [/usr/lib;/usr/local/lib]
  implicit fwks: [/Library/Frameworks;/System/Library/Frameworks]




Detecting CXX [-std=c++1y] compiler features compiled with the following output:
Change Dir: /Users/dnalwqer/Desktop/CG/Dart-Graphics-Assign01-master-build/CMakeFiles/CMakeTmp

Run Build Command:"/usr/bin/make" "cmTC_4c8e0/fast"
/Applications/Xcode.app/Contents/Developer/usr/bin/make -f CMakeFiles/cmTC_4c8e0.dir/build.make CMakeFiles/cmTC_4c8e0.dir/build
Building CXX object CMakeFiles/cmTC_4c8e0.dir/feature_tests.cxx.o
/usr/bin/clang++    -std=c++1y -o CMakeFiles/cmTC_4c8e0.dir/feature_tests.cxx.o -c /Users/dnalwqer/Desktop/CG/Dart-Graphics-Assign01-master-build/CMakeFiles/feature_tests.cxx
Linking CXX executable cmTC_4c8e0
/Applications/CMake.app/Contents/bin/cmake -E cmake_link_script CMakeFiles/cmTC_4c8e0.dir/link.txt --verbose=1
/usr/bin/clang++     -Wl,-search_paths_first -Wl,-headerpad_max_install_names   CMakeFiles/cmTC_4c8e0.dir/feature_tests.cxx.o  -o cmTC_4c8e0  


    Feature record: CXX_FEATURE:1cxx_aggregate_default_initializers
    Feature record: CXX_FEATURE:1cxx_alias_templates
    Feature record: CXX_FEATURE:1cxx_alignas
    Feature record: CXX_FEATURE:1cxx_alignof
    Feature record: CXX_FEATURE:1cxx_attributes
    Feature record: CXX_FEATURE:1cxx_attribute_deprecated
    Feature record: CXX_FEATURE:1cxx_auto_type
    Feature record: CXX_FEATURE:1cxx_binary_literals
    Feature record: CXX_FEATURE:1cxx_constexpr
    Feature record: CXX_FEATURE:1cxx_contextual_conversions
    Feature record: CXX_FEATURE:1cxx_decltype
    Feature record: CXX_FEATURE:1cxx_decltype_auto
    Feature record: CXX_FEATURE:1cxx_decltype_incomplete_return_types
    Feature record: CXX_FEATURE:1cxx_default_function_template_args
    Feature record: CXX_FEATURE:1cxx_defaulted_functions
    Feature record: CXX_FEATURE:1cxx_defaulted_move_initializers
    Feature record: CXX_FEATURE:1cxx_delegating_constructors
    Feature record: CXX_FEATURE:1cxx_deleted_functions
    Feature record: CXX_FEATURE:1cxx_digit_separators
    Feature record: CXX_FEATURE:1cxx_enum_forward_declarations
    Feature record: CXX_FEATURE:1cxx_explicit_conversions
    Feature record: CXX_FEATURE:1cxx_extended_friend_declarations
    Feature record: CXX_FEATURE:1cxx_extern_templates
    Feature record: CXX_FEATURE:1cxx_final
    Feature record: CXX_FEATURE:1cxx_func_identifier
    Feature record: CXX_FEATURE:1cxx_generalized_initializers
    Feature record: CXX_FEATURE:1cxx_generic_lambdas
    Feature record: CXX_FEATURE:1cxx_inheriting_constructors
    Feature record: CXX_FEATURE:1cxx_inline_namespaces
    Feature record: CXX_FEATURE:1cxx_lambdas
    Feature record: CXX_FEATURE:1cxx_lambda_init_captures
    Feature record: CXX_FEATURE:1cxx_local_type_template_args
    Feature record: CXX_FEATURE:1cxx_long_long_type
    Feature record: CXX_FEATURE:1cxx_noexcept
    Feature record: CXX_FEATURE:1cxx_nonstatic_member_init
    Feature record: CXX_FEATURE:1cxx_nullptr
    Feature record: CXX_FEATURE:1cxx_override
    Feature record: CXX_FEATURE:1cxx_range_for
    Feature record: CXX_FEATURE:1cxx_raw_string_literals
    Feature record: CXX_FEATURE:1cxx_reference_qualified_functions
    Feature record: CXX_FEATURE:1cxx_relaxed_constexpr
    Feature record: CXX_FEATURE:1cxx_return_type_deduction
    Feature record: CXX_FEATURE:1cxx_right_angle_brackets
    Feature record: CXX_FEATURE:1cxx_rvalue_references
    Feature record: CXX_FEATURE:1cxx_sizeof_member
    Feature record: CXX_FEATURE:1cxx_static_assert
    Feature record: CXX_FEATURE:1cxx_strong_enums
    Feature record: CXX_FEATURE:1cxx_template_template_parameters
    Feature record: CXX_FEATURE:0cxx_thread_local
    Feature record: CXX_FEATURE:1cxx_trailing_return_types
    Feature record: CXX_FEATURE:1cxx_unicode_literals
    Feature record: CXX_FEATURE:1cxx_uniform_initialization
    Feature record: CXX_FEATURE:1cxx_unrestricted_unions
    Feature record: CXX_FEATURE:1cxx_user_literals
    Feature record: CXX_FEATURE:1cxx_variable_templates
    Feature record: CXX_FEATURE:1cxx_variadic_macros
    Feature record: CXX_FEATURE:1cxx_variadic_templates


Detecting CXX [-std=c++11] compiler features compiled with the following output:
Change Dir: /Users/dnalwqer/Desktop/CG/Dart-Graphics-Assign01-master-build/CMakeFiles/CMakeTmp

Run Build Command:"/usr/bin/make" "cmTC_6903a/fast"
/Applications/Xcode.app/Contents/Developer/usr/bin/make -f CMakeFiles/cmTC_6903a.dir/build.make CMakeFiles/cmTC_6903a.dir/build
Building CXX object CMakeFiles/cmTC_6903a.dir/feature_tests.cxx.o
/usr/bin/clang++    -std=c++11 -o CMakeFiles/cmTC_6903a.dir/feature_tests.cxx.o -c /Users/dnalwqer/Desktop/CG/Dart-Graphics-Assign01-master-build/CMakeFiles/feature_tests.cxx
Linking CXX executable cmTC_6903a
/Applications/CMake.app/Contents/bin/cmake -E cmake_link_script CMakeFiles/cmTC_6903a.dir/link.txt --verbose=1
/usr/bin/clang++     -Wl,-search_paths_first -Wl,-headerpad_max_install_names   CMakeFiles/cmTC_6903a.dir/feature_tests.cxx.o  -o cmTC_6903a  


    Feature record: CXX_FEATURE:0cxx_aggregate_default_initializers
    Feature record: CXX_FEATURE:1cxx_alias_templates
    Feature record: CXX_FEATURE:1cxx_alignas
    Feature record: CXX_FEATURE:1cxx_alignof
    Feature record: CXX_FEATURE:1cxx_attributes
    Feature record: CXX_FEATURE:0cxx_attribute_deprecated
    Feature record: CXX_FEATURE:1cxx_auto_type
    Feature record: CXX_FEATURE:0cxx_binary_literals
    Feature record: CXX_FEATURE:1cxx_constexpr
    Feature record: CXX_FEATURE:0cxx_contextual_conversions
    Feature record: CXX_FEATURE:1cxx_decltype
    Feature record: CXX_FEATURE:0cxx_decltype_auto
    Feature record: CXX_FEATURE:1cxx_decltype_incomplete_return_types
    Feature record: CXX_FEATURE:1cxx_default_function_template_args
    Feature record: CXX_FEATURE:1cxx_defaulted_functions
    Feature record: CXX_FEATURE:1cxx_defaulted_move_initializers
    Feature record: CXX_FEATURE:1cxx_delegating_constructors
    Feature record: CXX_FEATURE:1cxx_deleted_functions
    Feature record: CXX_FEATURE:0cxx_digit_separators
    Feature record: CXX_FEATURE:1cxx_enum_forward_declarations
    Feature record: CXX_FEATURE:1cxx_explicit_conversions
    Feature record: CXX_FEATURE:1cxx_extended_friend_declarations
    Feature record: CXX_FEATURE:1cxx_extern_templates
    Feature record: CXX_FEATURE:1cxx_final
    Feature record: CXX_FEATURE:1cxx_func_identifier
    Feature record: CXX_FEATURE:1cxx_generalized_initializers
    Feature record: CXX_FEATURE:0cxx_generic_lambdas
    Feature record: CXX_FEATURE:1cxx_inheriting_constructors
    Feature record: CXX_FEATURE:1cxx_inline_namespaces
    Feature record: CXX_FEATURE:1cxx_lambdas
    Feature record: CXX_FEATURE:0cxx_lambda_init_captures
    Feature record: CXX_FEATURE:1cxx_local_type_template_args
    Feature record: CXX_FEATURE:1cxx_long_long_type
    Feature record: CXX_FEATURE:1cxx_noexcept
    Feature record: CXX_FEATURE:1cxx_nonstatic_member_init
    Feature record: CXX_FEATURE:1cxx_nullptr
    Feature record: CXX_FEATURE:1cxx_override
    Feature record: CXX_FEATURE:1cxx_range_for
    Feature record: CXX_FEATURE:1cxx_raw_string_literals
    Feature record: CXX_FEATURE:1cxx_reference_qualified_functions
    Feature record: CXX_FEATURE:0cxx_relaxed_constexpr
    Feature record: CXX_FEATURE:0cxx_return_type_deduction
    Feature record: CXX_FEATURE:1cxx_right_angle_brackets
    Feature record: CXX_FEATURE:1cxx_rvalue_references
    Feature record: CXX_FEATURE:1cxx_sizeof_member
    Feature record: CXX_FEATURE:1cxx_static_assert
    Feature record: CXX_FEATURE:1cxx_strong_enums
    Feature record: CXX_FEATURE:1cxx_template_template_parameters
    Feature record: CXX_FEATURE:0cxx_thread_local
    Feature record: CXX_FEATURE:1cxx_trailing_return_types
    Feature record: CXX_FEATURE:1cxx_unicode_literals
    Feature record: CXX_FEATURE:1cxx_uniform_initialization
    Feature record: CXX_FEATURE:1cxx_unrestricted_unions
    Feature record: CXX_FEATURE:1cxx_user_literals
    Feature record: CXX_FEATURE:0cxx_variable_templates
    Feature record: CXX_FEATURE:1cxx_variadic_macros
    Feature record: CXX_FEATURE:1cxx_variadic_templates


Detecting CXX [-std=c++98] compiler features compiled with the following output:
Change Dir: /Users/dnalwqer/Desktop/CG/Dart-Graphics-Assign01-master-build/CMakeFiles/CMakeTmp

Run Build Command:"/usr/bin/make" "cmTC_94114/fast"
/Applications/Xcode.app/Contents/Developer/usr/bin/make -f CMakeFiles/cmTC_94114.dir/build.make CMakeFiles/cmTC_94114.dir/build
Building CXX object CMakeFiles/cmTC_94114.dir/feature_tests.cxx.o
/usr/bin/clang++    -std=c++98 -o CMakeFiles/cmTC_94114.dir/feature_tests.cxx.o -c /Users/dnalwqer/Desktop/CG/Dart-Graphics-Assign01-master-build/CMakeFiles/feature_tests.cxx
Linking CXX executable cmTC_94114
/Applications/CMake.app/Contents/bin/cmake -E cmake_link_script CMakeFiles/cmTC_94114.dir/link.txt --verbose=1
/usr/bin/clang++     -Wl,-search_paths_first -Wl,-headerpad_max_install_names   CMakeFiles/cmTC_94114.dir/feature_tests.cxx.o  -o cmTC_94114  


    Feature record: CXX_FEATURE:0cxx_aggregate_default_initializers
    Feature record: CXX_FEATURE:0cxx_alias_templates
    Feature record: CXX_FEATURE:0cxx_alignas
    Feature record: CXX_FEATURE:0cxx_alignof
    Feature record: CXX_FEATURE:0cxx_attributes
    Feature record: CXX_FEATURE:0cxx_attribute_deprecated
    Feature record: CXX_FEATURE:0cxx_auto_type
    Feature record: CXX_FEATURE:0cxx_binary_literals
    Feature record: CXX_FEATURE:0cxx_constexpr
    Feature record: CXX_FEATURE:0cxx_contextual_conversions
    Feature record: CXX_FEATURE:0cxx_decltype
    Feature record: CXX_FEATURE:0cxx_decltype_auto
    Feature record: CXX_FEATURE:0cxx_decltype_incomplete_return_types
    Feature record: CXX_FEATURE:0cxx_default_function_template_args
    Feature record: CXX_FEATURE:0cxx_defaulted_functions
    Feature record: CXX_FEATURE:0cxx_defaulted_move_initializers
    Feature record: CXX_FEATURE:0cxx_delegating_constructors
    Feature record: CXX_FEATURE:0cxx_deleted_functions
    Feature record: CXX_FEATURE:0cxx_digit_separators
    Feature record: CXX_FEATURE:0cxx_enum_forward_declarations
    Feature record: CXX_FEATURE:0cxx_explicit_conversions
    Feature record: CXX_FEATURE:0cxx_extended_friend_declarations
    Feature record: CXX_FEATURE:0cxx_extern_templates
    Feature record: CXX_FEATURE:0cxx_final
    Feature record: CXX_FEATURE:0cxx_func_identifier
    Feature record: CXX_FEATURE:0cxx_generalized_initializers
    Feature record: CXX_FEATURE:0cxx_generic_lambdas
    Feature record: CXX_FEATURE:0cxx_inheriting_constructors
    Feature record: CXX_FEATURE:0cxx_inline_namespaces
    Feature record: CXX_FEATURE:0cxx_lambdas
    Feature record: CXX_FEATURE:0cxx_lambda_init_captures
    Feature record: CXX_FEATURE:0cxx_local_type_template_args
    Feature record: CXX_FEATURE:0cxx_long_long_type
    Feature record: CXX_FEATURE:0cxx_noexcept
    Feature record: CXX_FEATURE:0cxx_nonstatic_member_init
    Feature record: CXX_FEATURE:0cxx_nullptr
    Feature record: CXX_FEATURE:0cxx_override
    Feature record: CXX_FEATURE:0cxx_range_for
    Feature record: CXX_FEATURE:0cxx_raw_string_literals
    Feature record: CXX_FEATURE:0cxx_reference_qualified_functions
    Feature record: CXX_FEATURE:0cxx_relaxed_constexpr
    Feature record: CXX_FEATURE:0cxx_return_type_deduction
    Feature record: CXX_FEATURE:0cxx_right_angle_brackets
    Feature record: CXX_FEATURE:0cxx_rvalue_references
    Feature record: CXX_FEATURE:0cxx_sizeof_member
    Feature record: CXX_FEATURE:0cxx_static_assert
    Feature record: CXX_FEATURE:0cxx_strong_enums
    Feature record: CXX_FEATURE:1cxx_template_template_parameters
    Feature record: CXX_FEATURE:0cxx_thread_local
    Feature record: CXX_FEATURE:0cxx_trailing_return_types
    Feature record: CXX_FEATURE:0cxx_unicode_literals
    Feature record: CXX_FEATURE:0cxx_uniform_initialization
    Feature record: CXX_FEATURE:0cxx_unrestricted_unions
    Feature record: CXX_FEATURE:0cxx_user_literals
    Feature record: CXX_FEATURE:0cxx_variable_templates
    Feature record: CXX_FEATURE:0cxx_variadic_macros
    Feature record: CXX_FEATURE:0cxx_variadic_templates
Determining if files pthread.h exist passed with the following output:
Change Dir: /Users/dnalwqer/Desktop/CG/Dart-Graphics-Assign01-master-build/CMakeFiles/CMakeTmp

Run Build Command:"/usr/bin/make" "cmTC_c0f8f/fast"
/Applications/Xcode.app/Contents/Developer/usr/bin/make -f CMakeFiles/cmTC_c0f8f.dir/build.make CMakeFiles/cmTC_c0f8f.dir/build
Building C object CMakeFiles/cmTC_c0f8f.dir/CheckIncludeFiles.c.o
/usr/bin/clang    -o CMakeFiles/cmTC_c0f8f.dir/CheckIncludeFiles.c.o   -c /Users/dnalwqer/Desktop/CG/Dart-Graphics-Assign01-master-build/CMakeFiles/CMakeTmp/CheckIncludeFiles.c
Linking C executable cmTC_c0f8f
/Applications/CMake.app/Contents/bin/cmake -E cmake_link_script CMakeFiles/cmTC_c0f8f.dir/link.txt --verbose=1
/usr/bin/clang    -Wl,-search_paths_first -Wl,-headerpad_max_install_names   CMakeFiles/cmTC_c0f8f.dir/CheckIncludeFiles.c.o  -o cmTC_c0f8f  


Determining if the pthread_create exist passed with the following output:
Change Dir: /Users/dnalwqer/Desktop/CG/Dart-Graphics-Assign01-master-build/CMakeFiles/CMakeTmp

Run Build Command:"/usr/bin/make" "cmTC_1ac65/fast"
/Applications/Xcode.app/Contents/Developer/usr/bin/make -f CMakeFiles/cmTC_1ac65.dir/build.make CMakeFiles/cmTC_1ac65.dir/build
Building C object CMakeFiles/cmTC_1ac65.dir/CheckSymbolExists.c.o
/usr/bin/clang    -o CMakeFiles/cmTC_1ac65.dir/CheckSymbolExists.c.o   -c /Users/dnalwqer/Desktop/CG/Dart-Graphics-Assign01-master-build/CMakeFiles/CMakeTmp/CheckSymbolExists.c
Linking C executable cmTC_1ac65
/Applications/CMake.app/Contents/bin/cmake -E cmake_link_script CMakeFiles/cmTC_1ac65.dir/link.txt --verbose=1
/usr/bin/clang    -Wl,-search_paths_first -Wl,-headerpad_max_install_names   CMakeFiles/cmTC_1ac65.dir/CheckSymbolExists.c.o  -o cmTC_1ac65  

File /Users/dnalwqer/Desktop/CG/Dart-Graphics-Assign01-master-build/CMakeFiles/CMakeTmp/CheckSymbolExists.c:
/* */
#include <pthread.h>

int main(int argc, char** argv)
{
  (void)argv;
#ifndef pthread_create
  return ((int*)(&pthread_create))[argc];
#else
  (void)argc;
  return 0;
#endif
}

